Removed Pin From Net: NetName=VCC Pin=U-5
Added Component: Designator=A(Arduino DIP)
Added Component: Designator=X(Xbee DIP)
Added Pin To Net: NetName=GND Pin=A-34
Added Pin To Net: NetName=VIN Pin=A-36
Added Pin To Net: NetName=ADC Pin=A-40
Added Pin To Net: NetName=GND Pin=U-5
Added Pin To Net: NetName=VIN Pin=X-1
Added Pin To Net: NetName=GND Pin=X-10
Added Pin To Net: NetName=NetA_21 Pin=A-21
Added Pin To Net: NetName=NetA_21 Pin=P0-1
Added Pin To Net: NetName=NetA_21 Pin=X-3
Added Net: Name=NetA_21
Added Pin To Net: NetName=NetA_22 Pin=A-22
Added Pin To Net: NetName=NetA_22 Pin=P0-2
Added Pin To Net: NetName=NetA_22 Pin=X-2
Added Net: Name=NetA_22
Added Pin To Net: NetName=NetA_23 Pin=A-23
Added Pin To Net: NetName=NetA_23 Pin=P0-3
Added Net: Name=NetA_23
Added Pin To Net: NetName=NetA_24 Pin=A-24
Added Pin To Net: NetName=NetA_24 Pin=P0-4
Added Net: Name=NetA_24
Added Pin To Net: NetName=NetA_25 Pin=A-25
Added Pin To Net: NetName=NetA_25 Pin=P0-5
Added Net: Name=NetA_25
Added Pin To Net: NetName=NetA_26 Pin=A-26
Added Pin To Net: NetName=NetA_26 Pin=P0-6
Added Pin To Net: NetName=NetA_26 Pin=R3-2
Added Net: Name=NetA_26
Added Pin To Net: NetName=NetA_27 Pin=A-27
Added Pin To Net: NetName=NetA_27 Pin=P0-7
Added Net: Name=NetA_27
Added Pin To Net: NetName=NetA_28 Pin=A-28
Added Pin To Net: NetName=NetA_28 Pin=P0-8
Added Net: Name=NetA_28
Added Pin To Net: NetName=NetA_29 Pin=A-29
Added Pin To Net: NetName=NetA_29 Pin=P0-9
Added Net: Name=NetA_29
Added Pin To Net: NetName=NetA_30 Pin=A-30
Added Pin To Net: NetName=NetA_30 Pin=P0-10
Added Net: Name=NetA_30
Added Pin To Net: NetName=NetA_31 Pin=A-31
Added Pin To Net: NetName=NetA_31 Pin=P0-11
Added Net: Name=NetA_31
Added Pin To Net: NetName=NetA_32 Pin=A-32
Added Pin To Net: NetName=NetA_32 Pin=P0-12
Added Pin To Net: NetName=NetA_32 Pin=X-13
Added Net: Name=NetA_32
Added Pin To Net: NetName=NetA_33 Pin=A-33
Added Pin To Net: NetName=NetA_33 Pin=P4-12
Added Net: Name=NetA_33
Added Pin To Net: NetName=NetA_35 Pin=A-35
Added Pin To Net: NetName=NetA_35 Pin=P4-10
Added Net: Name=NetA_35
Added Pin To Net: NetName=NetA_37 Pin=A-37
Added Pin To Net: NetName=NetA_37 Pin=P4-8
Added Net: Name=NetA_37
Added Pin To Net: NetName=NetA_38 Pin=A-38
Added Pin To Net: NetName=NetA_38 Pin=P4-7
Added Net: Name=NetA_38
Added Pin To Net: NetName=NetA_39 Pin=A-39
Added Pin To Net: NetName=NetA_39 Pin=P4-6
Added Net: Name=NetA_39
Added Pin To Net: NetName=NetA_41 Pin=A-41
Added Pin To Net: NetName=NetA_41 Pin=P4-4
Added Net: Name=NetA_41
Added Pin To Net: NetName=NetA_42 Pin=A-42
Added Pin To Net: NetName=NetA_42 Pin=P4-3
Added Net: Name=NetA_42
Added Pin To Net: NetName=NetA_43 Pin=A-43
Added Pin To Net: NetName=NetA_43 Pin=P4-2
Added Pin To Net: NetName=NetA_43 Pin=R2-2
Added Net: Name=NetA_43
Added Pin To Net: NetName=NetA_44 Pin=A-44
Added Pin To Net: NetName=NetA_44 Pin=P4-1
Added Pin To Net: NetName=NetA_44 Pin=R1-2
Added Net: Name=NetA_44
Added Member To Class: ClassName=VoxPopuli Member=Component A Arduino Mini Pro
Added Member To Class: ClassName=VoxPopuli Member=Component X Xbee
